[debug] [2024-05-16T09:22:47.824Z] ----------------------------------------------------------------------
[debug] [2024-05-16T09:22:47.830Z] Command:       C:\Program Files\nodejs\node.exe C:\Users\SURAJ COMPUTER SML\AppData\Roaming\npm\node_modules\firebase-tools\lib\bin\firebase.js serve --only hosting
[debug] [2024-05-16T09:22:47.831Z] CLI Version:   13.9.0
[debug] [2024-05-16T09:22:47.831Z] Platform:      win32
[debug] [2024-05-16T09:22:47.832Z] Node Version:  v20.12.2
[debug] [2024-05-16T09:22:47.832Z] Time:          Thu May 16 2024 14:52:47 GMT+0530 (India Standard Time)
[debug] [2024-05-16T09:22:47.832Z] ----------------------------------------------------------------------
[debug] 
[debug] [2024-05-16T09:22:48.026Z] > command requires scopes: ["email","openid","https://www.googleapis.com/auth/cloudplatformprojects.readonly","https://www.googleapis.com/auth/firebase","https://www.googleapis.com/auth/cloud-platform"]
[debug] [2024-05-16T09:22:48.026Z] > authorizing via signed-in user (rupalsaxena98@gmail.com)
[debug] [2024-05-16T09:22:48.027Z] [iam] checking project netflixgpt-939eb for permissions ["firebase.projects.get"]
[debug] [2024-05-16T09:22:48.031Z] >>> [apiv2][query] POST https://cloudresourcemanager.googleapis.com/v1/projects/netflixgpt-939eb:testIamPermissions [none]
[debug] [2024-05-16T09:22:48.032Z] >>> [apiv2][(partial)header] POST https://cloudresourcemanager.googleapis.com/v1/projects/netflixgpt-939eb:testIamPermissions x-goog-quota-user=projects/netflixgpt-939eb
[debug] [2024-05-16T09:22:48.032Z] >>> [apiv2][body] POST https://cloudresourcemanager.googleapis.com/v1/projects/netflixgpt-939eb:testIamPermissions {"permissions":["firebase.projects.get"]}
[debug] [2024-05-16T09:22:49.732Z] <<< [apiv2][status] POST https://cloudresourcemanager.googleapis.com/v1/projects/netflixgpt-939eb:testIamPermissions 200
[debug] [2024-05-16T09:22:49.733Z] <<< [apiv2][body] POST https://cloudresourcemanager.googleapis.com/v1/projects/netflixgpt-939eb:testIamPermissions {"permissions":["firebase.projects.get"]}
[debug] [2024-05-16T09:22:49.734Z] >>> [apiv2][query] GET https://firebase.googleapis.com/v1beta1/projects/netflixgpt-939eb [none]
[debug] [2024-05-16T09:22:50.258Z] <<< [apiv2][status] GET https://firebase.googleapis.com/v1beta1/projects/netflixgpt-939eb 200
[debug] [2024-05-16T09:22:50.258Z] <<< [apiv2][body] GET https://firebase.googleapis.com/v1beta1/projects/netflixgpt-939eb {"projectId":"netflixgpt-939eb","projectNumber":"148940972357","displayName":"NetflixGpt","name":"projects/netflixgpt-939eb","resources":{"hostingSite":"netflixgpt-939eb"},"state":"ACTIVE","etag":"1_f99d54ac-a764-48e6-94aa-226f4e513b34"}
[debug] [2024-05-16T09:22:50.265Z] >>> [apiv2][query] GET https://firebasehosting.googleapis.com/v1beta1/projects/netflixgpt-939eb/sites 
[debug] [2024-05-16T09:22:51.464Z] <<< [apiv2][status] GET https://firebasehosting.googleapis.com/v1beta1/projects/netflixgpt-939eb/sites 200
[debug] [2024-05-16T09:22:51.465Z] <<< [apiv2][body] GET https://firebasehosting.googleapis.com/v1beta1/projects/netflixgpt-939eb/sites {"sites":[{"name":"projects/netflixgpt-939eb/sites/netflixgpt-939eb","defaultUrl":"https://netflixgpt-939eb.web.app","appId":"1:148940972357:web:7326e6bf871f123a611e2c","type":"DEFAULT_SITE"}]}
[debug] [2024-05-16T09:22:51.466Z] >>> [apiv2][query] GET https://firebase.googleapis.com/v1beta1/projects/netflixgpt-939eb/webApps/1:148940972357:web:7326e6bf871f123a611e2c/config [none]
[debug] [2024-05-16T09:22:52.392Z] <<< [apiv2][status] GET https://firebase.googleapis.com/v1beta1/projects/netflixgpt-939eb/webApps/1:148940972357:web:7326e6bf871f123a611e2c/config 200
[debug] [2024-05-16T09:22:52.393Z] <<< [apiv2][body] GET https://firebase.googleapis.com/v1beta1/projects/netflixgpt-939eb/webApps/1:148940972357:web:7326e6bf871f123a611e2c/config {"projectId":"netflixgpt-939eb","appId":"1:148940972357:web:7326e6bf871f123a611e2c","storageBucket":"netflixgpt-939eb.appspot.com","apiKey":"AIzaSyDCc1Eeqv2Nfi_WSdS7GQBwbl8_fHo12D8","authDomain":"netflixgpt-939eb.firebaseapp.com","messagingSenderId":"148940972357","measurementId":"G-DJNN1MJV05"}
[debug] [2024-05-16T09:22:52.476Z] >>> [apiv2][query] GET https://firebase.googleapis.com/v1beta1/projects/netflixgpt-939eb [none]
[debug] [2024-05-16T09:22:52.864Z] <<< [apiv2][status] GET https://firebase.googleapis.com/v1beta1/projects/netflixgpt-939eb 200
[debug] [2024-05-16T09:22:52.865Z] <<< [apiv2][body] GET https://firebase.googleapis.com/v1beta1/projects/netflixgpt-939eb {"projectId":"netflixgpt-939eb","projectNumber":"148940972357","displayName":"NetflixGpt","name":"projects/netflixgpt-939eb","resources":{"hostingSite":"netflixgpt-939eb"},"state":"ACTIVE","etag":"1_f99d54ac-a764-48e6-94aa-226f4e513b34"}
[info] i  hosting[netflixgpt-939eb]: Serving hosting files from: build {"metadata":{"emulator":{"name":"hosting"},"message":"Serving hosting files from: \u001b[1mbuild\u001b[22m"}}
[info] +  hosting[netflixgpt-939eb]: Local server: http://localhost:5000 {"metadata":{"emulator":{"name":"hosting"},"message":"Local server: \u001b[4m\u001b[1mhttp://localhost:5000\u001b[22m\u001b[24m"}}
